Analysis & Synthesis report for adder_toplevel
Thu Feb 16 17:45:24 2023
Quartus Prime Version 18.1.0 Build 625 09/12/2018 SJ Lite Edition


---------------------
; Table of Contents ;
---------------------
  1. Legal Notice
  2. Analysis & Synthesis Summary
  3. Analysis & Synthesis Settings
  4. Parallel Compilation
  5. Analysis & Synthesis Source Files Read
  6. Analysis & Synthesis Resource Usage Summary
  7. Analysis & Synthesis Resource Utilization by Entity
  8. State Machine - |adder_toplevel|control:run_once|curr_state
  9. Registers Removed During Synthesis
 10. General Register Statistics
 11. Multiplexer Restructuring Statistics (Restructuring Performed)
 12. Port Connectivity Checks: "lookahead_adder:adderla|cla4:CLA_addr1|full_adder:add3"
 13. Port Connectivity Checks: "lookahead_adder:adderla|cla4:CLA_addr1|full_adder:add2"
 14. Port Connectivity Checks: "lookahead_adder:adderla|cla4:CLA_addr1|full_adder:add1"
 15. Port Connectivity Checks: "lookahead_adder:adderla|cla4:CLA_addr1|full_adder:add0"
 16. Port Connectivity Checks: "lookahead_adder:adderla"
 17. Port Connectivity Checks: "mux2_1_17:m_mux"
 18. Post-Synthesis Netlist Statistics for Top Partition
 19. Elapsed Time Per Partition
 20. Analysis & Synthesis Messages
 21. Analysis & Synthesis Suppressed Messages



----------------
; Legal Notice ;
----------------
Copyright (C) 2018  Intel Corporation. All rights reserved.
Your use of Intel Corporation's design tools, logic functions 
and other software and tools, and its AMPP partner logic 
functions, and any output files from any of the foregoing 
(including device programming or simulation files), and any 
associated documentation or information are expressly subject 
to the terms and conditions of the Intel Program License 
Subscription Agreement, the Intel Quartus Prime License Agreement,
the Intel FPGA IP License Agreement, or other applicable license
agreement, including, without limitation, that your use is for
the sole purpose of programming logic devices manufactured by
Intel and sold by Intel or its authorized distributors.  Please
refer to the applicable agreement for further details.



+----------------------------------------------------------------------------------+
; Analysis & Synthesis Summary                                                     ;
+------------------------------------+---------------------------------------------+
; Analysis & Synthesis Status        ; Successful - Thu Feb 16 17:45:24 2023       ;
; Quartus Prime Version              ; 18.1.0 Build 625 09/12/2018 SJ Lite Edition ;
; Revision Name                      ; adder_toplevel                              ;
; Top-level Entity Name              ; adder_toplevel                              ;
; Family                             ; MAX 10                                      ;
; Total logic elements               ; 87                                          ;
;     Total combinational functions  ; 87                                          ;
;     Dedicated logic registers      ; 20                                          ;
; Total registers                    ; 20                                          ;
; Total pins                         ; 65                                          ;
; Total virtual pins                 ; 0                                           ;
; Total memory bits                  ; 0                                           ;
; Embedded Multiplier 9-bit elements ; 0                                           ;
; Total PLLs                         ; 0                                           ;
; UFM blocks                         ; 0                                           ;
; ADC blocks                         ; 0                                           ;
+------------------------------------+---------------------------------------------+


+------------------------------------------------------------------------------------------------------------+
; Analysis & Synthesis Settings                                                                              ;
+------------------------------------------------------------------+--------------------+--------------------+
; Option                                                           ; Setting            ; Default Value      ;
+------------------------------------------------------------------+--------------------+--------------------+
; Device                                                           ; 10M50DAF484C7G     ;                    ;
; Top-level entity name                                            ; adder_toplevel     ; adder_toplevel     ;
; Family name                                                      ; MAX 10             ; Cyclone V          ;
; Use smart compilation                                            ; Off                ; Off                ;
; Enable parallel Assembler and Timing Analyzer during compilation ; On                 ; On                 ;
; Enable compact report table                                      ; Off                ; Off                ;
; Restructure Multiplexers                                         ; Auto               ; Auto               ;
; Create Debugging Nodes for IP Cores                              ; Off                ; Off                ;
; Preserve fewer node names                                        ; On                 ; On                 ;
; Intel FPGA IP Evaluation Mode                                    ; Enable             ; Enable             ;
; Verilog Version                                                  ; Verilog_2001       ; Verilog_2001       ;
; VHDL Version                                                     ; VHDL_1993          ; VHDL_1993          ;
; State Machine Processing                                         ; Auto               ; Auto               ;
; Safe State Machine                                               ; Off                ; Off                ;
; Extract Verilog State Machines                                   ; On                 ; On                 ;
; Extract VHDL State Machines                                      ; On                 ; On                 ;
; Ignore Verilog initial constructs                                ; Off                ; Off                ;
; Iteration limit for constant Verilog loops                       ; 5000               ; 5000               ;
; Iteration limit for non-constant Verilog loops                   ; 250                ; 250                ;
; Add Pass-Through Logic to Inferred RAMs                          ; On                 ; On                 ;
; Infer RAMs from Raw Logic                                        ; On                 ; On                 ;
; Parallel Synthesis                                               ; On                 ; On                 ;
; DSP Block Balancing                                              ; Auto               ; Auto               ;
; NOT Gate Push-Back                                               ; On                 ; On                 ;
; Power-Up Don't Care                                              ; On                 ; On                 ;
; Remove Redundant Logic Cells                                     ; Off                ; Off                ;
; Remove Duplicate Registers                                       ; On                 ; On                 ;
; Ignore CARRY Buffers                                             ; Off                ; Off                ;
; Ignore CASCADE Buffers                                           ; Off                ; Off                ;
; Ignore GLOBAL Buffers                                            ; Off                ; Off                ;
; Ignore ROW GLOBAL Buffers                                        ; Off                ; Off                ;
; Ignore LCELL Buffers                                             ; Off                ; Off                ;
; Ignore SOFT Buffers                                              ; On                 ; On                 ;
; Limit AHDL Integers to 32 Bits                                   ; Off                ; Off                ;
; Optimization Technique                                           ; Balanced           ; Balanced           ;
; Carry Chain Length                                               ; 70                 ; 70                 ;
; Auto Carry Chains                                                ; On                 ; On                 ;
; Auto Open-Drain Pins                                             ; On                 ; On                 ;
; Perform WYSIWYG Primitive Resynthesis                            ; Off                ; Off                ;
; Auto ROM Replacement                                             ; On                 ; On                 ;
; Auto RAM Replacement                                             ; On                 ; On                 ;
; Auto DSP Block Replacement                                       ; On                 ; On                 ;
; Auto Shift Register Replacement                                  ; Auto               ; Auto               ;
; Allow Shift Register Merging across Hierarchies                  ; Auto               ; Auto               ;
; Auto Clock Enable Replacement                                    ; On                 ; On                 ;
; Strict RAM Replacement                                           ; Off                ; Off                ;
; Allow Synchronous Control Signals                                ; On                 ; On                 ;
; Force Use of Synchronous Clear Signals                           ; Off                ; Off                ;
; Auto RAM Block Balancing                                         ; On                 ; On                 ;
; Auto RAM to Logic Cell Conversion                                ; Off                ; Off                ;
; Auto Resource Sharing                                            ; Off                ; Off                ;
; Allow Any RAM Size For Recognition                               ; Off                ; Off                ;
; Allow Any ROM Size For Recognition                               ; Off                ; Off                ;
; Allow Any Shift Register Size For Recognition                    ; Off                ; Off                ;
; Use LogicLock Constraints during Resource Balancing              ; On                 ; On                 ;
; Ignore translate_off and synthesis_off directives                ; Off                ; Off                ;
; Timing-Driven Synthesis                                          ; On                 ; On                 ;
; Report Parameter Settings                                        ; On                 ; On                 ;
; Report Source Assignments                                        ; On                 ; On                 ;
; Report Connectivity Checks                                       ; On                 ; On                 ;
; Ignore Maximum Fan-Out Assignments                               ; Off                ; Off                ;
; Synchronization Register Chain Length                            ; 2                  ; 2                  ;
; Power Optimization During Synthesis                              ; Normal compilation ; Normal compilation ;
; HDL message level                                                ; Level2             ; Level2             ;
; Suppress Register Optimization Related Messages                  ; Off                ; Off                ;
; Number of Removed Registers Reported in Synthesis Report         ; 5000               ; 5000               ;
; Number of Swept Nodes Reported in Synthesis Report               ; 5000               ; 5000               ;
; Number of Inverted Registers Reported in Synthesis Report        ; 100                ; 100                ;
; Clock MUX Protection                                             ; On                 ; On                 ;
; Auto Gated Clock Conversion                                      ; Off                ; Off                ;
; Block Design Naming                                              ; Auto               ; Auto               ;
; SDC constraint protection                                        ; Off                ; Off                ;
; Synthesis Effort                                                 ; Auto               ; Auto               ;
; Shift Register Replacement - Allow Asynchronous Clear Signal     ; On                 ; On                 ;
; Pre-Mapping Resynthesis Optimization                             ; Off                ; Off                ;
; Analysis & Synthesis Message Level                               ; Medium             ; Medium             ;
; Disable Register Merging Across Hierarchies                      ; Auto               ; Auto               ;
; Resource Aware Inference For Block RAM                           ; On                 ; On                 ;
+------------------------------------------------------------------+--------------------+--------------------+


+------------------------------------------+
; Parallel Compilation                     ;
+----------------------------+-------------+
; Processors                 ; Number      ;
+----------------------------+-------------+
; Number detected on machine ; 8           ;
; Maximum allowed            ; 8           ;
;                            ;             ;
; Average used               ; 1.00        ;
; Maximum used               ; 8           ;
;                            ;             ;
; Usage by Processor         ; % Time Used ;
;     Processor 1            ; 100.0%      ;
;     Processors 2-8         ;   0.0%      ;
+----------------------------+-------------+


+-----------------------------------------------------------------------------------------------------------------------------------+
; Analysis & Synthesis Source Files Read                                                                                            ;
+----------------------------------+-----------------+------------------------------+-------------------------------------+---------+
; File Name with User-Entered Path ; Used in Netlist ; File Type                    ; File Name with Absolute Path        ; Library ;
+----------------------------------+-----------------+------------------------------+-------------------------------------+---------+
; cla4.sv                          ; yes             ; User SystemVerilog HDL File  ; D:/ECE 385/Lab 3/cla4.sv            ;         ;
; reg_17.sv                        ; yes             ; User SystemVerilog HDL File  ; D:/ECE 385/Lab 3/reg_17.sv          ;         ;
; mux2_1_17.sv                     ; yes             ; User SystemVerilog HDL File  ; D:/ECE 385/Lab 3/mux2_1_17.sv       ;         ;
; lookahead_adder.sv               ; yes             ; User SystemVerilog HDL File  ; D:/ECE 385/Lab 3/lookahead_adder.sv ;         ;
; HexDriver.sv                     ; yes             ; User SystemVerilog HDL File  ; D:/ECE 385/Lab 3/HexDriver.sv       ;         ;
; control.sv                       ; yes             ; User SystemVerilog HDL File  ; D:/ECE 385/Lab 3/control.sv         ;         ;
; adder_toplevel.sv                ; yes             ; User SystemVerilog HDL File  ; D:/ECE 385/Lab 3/adder_toplevel.sv  ;         ;
; full_adder.sv                    ; yes             ; User SystemVerilog HDL File  ; D:/ECE 385/Lab 3/full_adder.sv      ;         ;
+----------------------------------+-----------------+------------------------------+-------------------------------------+---------+


+-----------------------------------------------------------------+
; Analysis & Synthesis Resource Usage Summary                     ;
+---------------------------------------------+-------------------+
; Resource                                    ; Usage             ;
+---------------------------------------------+-------------------+
; Estimated Total logic elements              ; 87                ;
;                                             ;                   ;
; Total combinational functions               ; 87                ;
; Logic element usage by number of LUT inputs ;                   ;
;     -- 4 input functions                    ; 67                ;
;     -- 3 input functions                    ; 9                 ;
;     -- <=2 input functions                  ; 11                ;
;                                             ;                   ;
; Logic elements by mode                      ;                   ;
;     -- normal mode                          ; 87                ;
;     -- arithmetic mode                      ; 0                 ;
;                                             ;                   ;
; Total registers                             ; 20                ;
;     -- Dedicated logic registers            ; 20                ;
;     -- I/O registers                        ; 0                 ;
;                                             ;                   ;
; I/O pins                                    ; 65                ;
;                                             ;                   ;
; Embedded Multiplier 9-bit elements          ; 0                 ;
;                                             ;                   ;
; Maximum fan-out node                        ; Reset_Clear~input ;
; Maximum fan-out                             ; 21                ;
; Total fan-out                               ; 504               ;
; Average fan-out                             ; 2.13              ;
+---------------------------------------------+-------------------+


+---------------------------------------------------------------------------------------------------------------------------------------------------------------------------------------------------------------------------------------------------------------------------------------------+
; Analysis & Synthesis Resource Utilization by Entity                                                                                                                                                                                                                                         ;
+------------------------------+---------------------+---------------------------+-------------+------------+--------------+---------+-----------+------+--------------+------------+------------------------------------------------------------------------+-----------------+--------------+
; Compilation Hierarchy Node   ; Combinational ALUTs ; Dedicated Logic Registers ; Memory Bits ; UFM Blocks ; DSP Elements ; DSP 9x9 ; DSP 18x18 ; Pins ; Virtual Pins ; ADC blocks ; Full Hierarchy Name                                                    ; Entity Name     ; Library Name ;
+------------------------------+---------------------+---------------------------+-------------+------------+--------------+---------+-----------+------+--------------+------------+------------------------------------------------------------------------+-----------------+--------------+
; |adder_toplevel              ; 87 (0)              ; 20 (0)                    ; 0           ; 0          ; 0            ; 0       ; 0         ; 65   ; 0            ; 0          ; |adder_toplevel                                                        ; adder_toplevel  ; work         ;
;    |HexDriver:AHex0|         ; 7 (7)               ; 0 (0)                     ; 0           ; 0          ; 0            ; 0       ; 0         ; 0    ; 0            ; 0          ; |adder_toplevel|HexDriver:AHex0                                        ; HexDriver       ; work         ;
;    |HexDriver:AHex1|         ; 7 (7)               ; 0 (0)                     ; 0           ; 0          ; 0            ; 0       ; 0         ; 0    ; 0            ; 0          ; |adder_toplevel|HexDriver:AHex1                                        ; HexDriver       ; work         ;
;    |HexDriver:BHex0|         ; 7 (7)               ; 0 (0)                     ; 0           ; 0          ; 0            ; 0       ; 0         ; 0    ; 0            ; 0          ; |adder_toplevel|HexDriver:BHex0                                        ; HexDriver       ; work         ;
;    |HexDriver:BHex1|         ; 7 (7)               ; 0 (0)                     ; 0           ; 0          ; 0            ; 0       ; 0         ; 0    ; 0            ; 0          ; |adder_toplevel|HexDriver:BHex1                                        ; HexDriver       ; work         ;
;    |HexDriver:BHex2|         ; 7 (7)               ; 0 (0)                     ; 0           ; 0          ; 0            ; 0       ; 0         ; 0    ; 0            ; 0          ; |adder_toplevel|HexDriver:BHex2                                        ; HexDriver       ; work         ;
;    |HexDriver:BHex3|         ; 7 (7)               ; 0 (0)                     ; 0           ; 0          ; 0            ; 0       ; 0         ; 0    ; 0            ; 0          ; |adder_toplevel|HexDriver:BHex3                                        ; HexDriver       ; work         ;
;    |control:run_once|        ; 3 (3)               ; 3 (3)                     ; 0           ; 0          ; 0            ; 0       ; 0         ; 0    ; 0            ; 0          ; |adder_toplevel|control:run_once                                       ; control         ; work         ;
;    |lookahead_adder:adderla| ; 41 (8)              ; 0 (0)                     ; 0           ; 0          ; 0            ; 0       ; 0         ; 0    ; 0            ; 0          ; |adder_toplevel|lookahead_adder:adderla                                ; lookahead_adder ; work         ;
;       |cla4:CLA_addr1|       ; 11 (7)              ; 0 (0)                     ; 0           ; 0          ; 0            ; 0       ; 0         ; 0    ; 0            ; 0          ; |adder_toplevel|lookahead_adder:adderla|cla4:CLA_addr1                 ; cla4            ; work         ;
;          |full_adder:add0|   ; 1 (1)               ; 0 (0)                     ; 0           ; 0          ; 0            ; 0       ; 0         ; 0    ; 0            ; 0          ; |adder_toplevel|lookahead_adder:adderla|cla4:CLA_addr1|full_adder:add0 ; full_adder      ; work         ;
;          |full_adder:add1|   ; 1 (1)               ; 0 (0)                     ; 0           ; 0          ; 0            ; 0       ; 0         ; 0    ; 0            ; 0          ; |adder_toplevel|lookahead_adder:adderla|cla4:CLA_addr1|full_adder:add1 ; full_adder      ; work         ;
;          |full_adder:add2|   ; 1 (1)               ; 0 (0)                     ; 0           ; 0          ; 0            ; 0       ; 0         ; 0    ; 0            ; 0          ; |adder_toplevel|lookahead_adder:adderla|cla4:CLA_addr1|full_adder:add2 ; full_adder      ; work         ;
;          |full_adder:add3|   ; 1 (1)               ; 0 (0)                     ; 0           ; 0          ; 0            ; 0       ; 0         ; 0    ; 0            ; 0          ; |adder_toplevel|lookahead_adder:adderla|cla4:CLA_addr1|full_adder:add3 ; full_adder      ; work         ;
;       |cla4:CLA_addr2|       ; 12 (8)              ; 0 (0)                     ; 0           ; 0          ; 0            ; 0       ; 0         ; 0    ; 0            ; 0          ; |adder_toplevel|lookahead_adder:adderla|cla4:CLA_addr2                 ; cla4            ; work         ;
;          |full_adder:add0|   ; 1 (1)               ; 0 (0)                     ; 0           ; 0          ; 0            ; 0       ; 0         ; 0    ; 0            ; 0          ; |adder_toplevel|lookahead_adder:adderla|cla4:CLA_addr2|full_adder:add0 ; full_adder      ; work         ;
;          |full_adder:add1|   ; 1 (1)               ; 0 (0)                     ; 0           ; 0          ; 0            ; 0       ; 0         ; 0    ; 0            ; 0          ; |adder_toplevel|lookahead_adder:adderla|cla4:CLA_addr2|full_adder:add1 ; full_adder      ; work         ;
;          |full_adder:add2|   ; 1 (1)               ; 0 (0)                     ; 0           ; 0          ; 0            ; 0       ; 0         ; 0    ; 0            ; 0          ; |adder_toplevel|lookahead_adder:adderla|cla4:CLA_addr2|full_adder:add2 ; full_adder      ; work         ;
;          |full_adder:add3|   ; 1 (1)               ; 0 (0)                     ; 0           ; 0          ; 0            ; 0       ; 0         ; 0    ; 0            ; 0          ; |adder_toplevel|lookahead_adder:adderla|cla4:CLA_addr2|full_adder:add3 ; full_adder      ; work         ;
;       |cla4:CLA_addr3|       ; 6 (2)               ; 0 (0)                     ; 0           ; 0          ; 0            ; 0       ; 0         ; 0    ; 0            ; 0          ; |adder_toplevel|lookahead_adder:adderla|cla4:CLA_addr3                 ; cla4            ; work         ;
;          |full_adder:add0|   ; 1 (1)               ; 0 (0)                     ; 0           ; 0          ; 0            ; 0       ; 0         ; 0    ; 0            ; 0          ; |adder_toplevel|lookahead_adder:adderla|cla4:CLA_addr3|full_adder:add0 ; full_adder      ; work         ;
;          |full_adder:add1|   ; 1 (1)               ; 0 (0)                     ; 0           ; 0          ; 0            ; 0       ; 0         ; 0    ; 0            ; 0          ; |adder_toplevel|lookahead_adder:adderla|cla4:CLA_addr3|full_adder:add1 ; full_adder      ; work         ;
;          |full_adder:add2|   ; 1 (1)               ; 0 (0)                     ; 0           ; 0          ; 0            ; 0       ; 0         ; 0    ; 0            ; 0          ; |adder_toplevel|lookahead_adder:adderla|cla4:CLA_addr3|full_adder:add2 ; full_adder      ; work         ;
;          |full_adder:add3|   ; 1 (1)               ; 0 (0)                     ; 0           ; 0          ; 0            ; 0       ; 0         ; 0    ; 0            ; 0          ; |adder_toplevel|lookahead_adder:adderla|cla4:CLA_addr3|full_adder:add3 ; full_adder      ; work         ;
;       |cla4:CLA_addr4|       ; 4 (0)               ; 0 (0)                     ; 0           ; 0          ; 0            ; 0       ; 0         ; 0    ; 0            ; 0          ; |adder_toplevel|lookahead_adder:adderla|cla4:CLA_addr4                 ; cla4            ; work         ;
;          |full_adder:add0|   ; 1 (1)               ; 0 (0)                     ; 0           ; 0          ; 0            ; 0       ; 0         ; 0    ; 0            ; 0          ; |adder_toplevel|lookahead_adder:adderla|cla4:CLA_addr4|full_adder:add0 ; full_adder      ; work         ;
;          |full_adder:add1|   ; 1 (1)               ; 0 (0)                     ; 0           ; 0          ; 0            ; 0       ; 0         ; 0    ; 0            ; 0          ; |adder_toplevel|lookahead_adder:adderla|cla4:CLA_addr4|full_adder:add1 ; full_adder      ; work         ;
;          |full_adder:add2|   ; 1 (1)               ; 0 (0)                     ; 0           ; 0          ; 0            ; 0       ; 0         ; 0    ; 0            ; 0          ; |adder_toplevel|lookahead_adder:adderla|cla4:CLA_addr4|full_adder:add2 ; full_adder      ; work         ;
;          |full_adder:add3|   ; 1 (1)               ; 0 (0)                     ; 0           ; 0          ; 0            ; 0       ; 0         ; 0    ; 0            ; 0          ; |adder_toplevel|lookahead_adder:adderla|cla4:CLA_addr4|full_adder:add3 ; full_adder      ; work         ;
;    |reg_17:reg_unit|         ; 1 (1)               ; 17 (17)                   ; 0           ; 0          ; 0            ; 0       ; 0         ; 0    ; 0            ; 0          ; |adder_toplevel|reg_17:reg_unit                                        ; reg_17          ; work         ;
+------------------------------+---------------------+---------------------------+-------------+------------+--------------+---------+-----------+------+--------------+------------+------------------------------------------------------------------------+-----------------+--------------+
Note: For table entries with two numbers listed, the numbers in parentheses indicate the number of resources of the given type used by the specific entity alone. The numbers listed outside of parentheses indicate the total resources of the given type used by the specific entity and all of its sub-entities in the hierarchy.


Encoding Type:  One-Hot
+-------------------------------------------------------------+
; State Machine - |adder_toplevel|control:run_once|curr_state ;
+--------------+--------------+--------------+----------------+
; Name         ; curr_state.A ; curr_state.C ; curr_state.B   ;
+--------------+--------------+--------------+----------------+
; curr_state.A ; 0            ; 0            ; 0              ;
; curr_state.B ; 1            ; 0            ; 1              ;
; curr_state.C ; 1            ; 1            ; 0              ;
+--------------+--------------+--------------+----------------+


+------------------------------------------------------------+
; Registers Removed During Synthesis                         ;
+---------------------------------------+--------------------+
; Register name                         ; Reason for Removal ;
+---------------------------------------+--------------------+
; control:run_once|curr_state~6         ; Lost fanout        ;
; Total Number of Removed Registers = 1 ;                    ;
+---------------------------------------+--------------------+


+------------------------------------------------------+
; General Register Statistics                          ;
+----------------------------------------------+-------+
; Statistic                                    ; Value ;
+----------------------------------------------+-------+
; Total registers                              ; 20    ;
; Number of registers using Synchronous Clear  ; 17    ;
; Number of registers using Synchronous Load   ; 0     ;
; Number of registers using Asynchronous Clear ; 3     ;
; Number of registers using Asynchronous Load  ; 0     ;
; Number of registers using Clock Enable       ; 17    ;
; Number of registers using Preset             ; 0     ;
+----------------------------------------------+-------+


+------------------------------------------------------------------------------------------------------------------------------------------------------------+
; Multiplexer Restructuring Statistics (Restructuring Performed)                                                                                             ;
+--------------------+-----------+---------------+----------------------+------------------------+------------+----------------------------------------------+
; Multiplexer Inputs ; Bus Width ; Baseline Area ; Area if Restructured ; Saving if Restructured ; Registered ; Example Multiplexer Output                   ;
+--------------------+-----------+---------------+----------------------+------------------------+------------+----------------------------------------------+
; 3:1                ; 17 bits   ; 34 LEs        ; 17 LEs               ; 17 LEs                 ; Yes        ; |adder_toplevel|reg_17:reg_unit|Data_Out[16] ;
+--------------------+-----------+---------------+----------------------+------------------------+------------+----------------------------------------------+


+-------------------------------------------------------------------------------------------------------------------------------------+
; Port Connectivity Checks: "lookahead_adder:adderla|cla4:CLA_addr1|full_adder:add3"                                                  ;
+------+--------+----------+----------------------------------------------------------------------------------------------------------+
; Port ; Type   ; Severity ; Details                                                                                                  ;
+------+--------+----------+----------------------------------------------------------------------------------------------------------+
; Cout ; Output ; Warning  ; Declared by entity but not connected by instance. Logic that only feeds a dangling port will be removed. ;
+------+--------+----------+----------------------------------------------------------------------------------------------------------+


+-------------------------------------------------------------------------------------------------------------------------------------+
; Port Connectivity Checks: "lookahead_adder:adderla|cla4:CLA_addr1|full_adder:add2"                                                  ;
+------+--------+----------+----------------------------------------------------------------------------------------------------------+
; Port ; Type   ; Severity ; Details                                                                                                  ;
+------+--------+----------+----------------------------------------------------------------------------------------------------------+
; Cout ; Output ; Warning  ; Declared by entity but not connected by instance. Logic that only feeds a dangling port will be removed. ;
+------+--------+----------+----------------------------------------------------------------------------------------------------------+


+-------------------------------------------------------------------------------------------------------------------------------------+
; Port Connectivity Checks: "lookahead_adder:adderla|cla4:CLA_addr1|full_adder:add1"                                                  ;
+------+--------+----------+----------------------------------------------------------------------------------------------------------+
; Port ; Type   ; Severity ; Details                                                                                                  ;
+------+--------+----------+----------------------------------------------------------------------------------------------------------+
; Cout ; Output ; Warning  ; Declared by entity but not connected by instance. Logic that only feeds a dangling port will be removed. ;
+------+--------+----------+----------------------------------------------------------------------------------------------------------+


+-------------------------------------------------------------------------------------------------------------------------------------+
; Port Connectivity Checks: "lookahead_adder:adderla|cla4:CLA_addr1|full_adder:add0"                                                  ;
+------+--------+----------+----------------------------------------------------------------------------------------------------------+
; Port ; Type   ; Severity ; Details                                                                                                  ;
+------+--------+----------+----------------------------------------------------------------------------------------------------------+
; Cout ; Output ; Warning  ; Declared by entity but not connected by instance. Logic that only feeds a dangling port will be removed. ;
+------+--------+----------+----------------------------------------------------------------------------------------------------------+


+-----------------------------------------------------+
; Port Connectivity Checks: "lookahead_adder:adderla" ;
+------+-------+----------+---------------------------+
; Port ; Type  ; Severity ; Details                   ;
+------+-------+----------+---------------------------+
; cin  ; Input ; Info     ; Stuck at GND              ;
+------+-------+----------+---------------------------+


+------------------------------------------------+
; Port Connectivity Checks: "mux2_1_17:m_mux"    ;
+--------------+-------+----------+--------------+
; Port         ; Type  ; Severity ; Details      ;
+--------------+-------+----------+--------------+
; A_In[15..10] ; Input ; Info     ; Stuck at GND ;
+--------------+-------+----------+--------------+


+-----------------------------------------------------+
; Post-Synthesis Netlist Statistics for Top Partition ;
+-----------------------+-----------------------------+
; Type                  ; Count                       ;
+-----------------------+-----------------------------+
; boundary_port         ; 65                          ;
; cycloneiii_ff         ; 20                          ;
;     CLR               ; 3                           ;
;     ENA SCLR          ; 17                          ;
; cycloneiii_lcell_comb ; 94                          ;
;     normal            ; 94                          ;
;         0 data inputs ; 1                           ;
;         1 data inputs ; 6                           ;
;         2 data inputs ; 11                          ;
;         3 data inputs ; 9                           ;
;         4 data inputs ; 67                          ;
;                       ;                             ;
; Max LUT depth         ; 7.00                        ;
; Average LUT depth     ; 3.28                        ;
+-----------------------+-----------------------------+


+-------------------------------+
; Elapsed Time Per Partition    ;
+----------------+--------------+
; Partition Name ; Elapsed Time ;
+----------------+--------------+
; Top            ; 00:00:00     ;
+----------------+--------------+


+-------------------------------+
; Analysis & Synthesis Messages ;
+-------------------------------+
Info: *******************************************************************
Info: Running Quartus Prime Analysis & Synthesis
    Info: Version 18.1.0 Build 625 09/12/2018 SJ Lite Edition
    Info: Processing started: Thu Feb 16 17:45:17 2023
Info: Command: quartus_map --read_settings_files=on --write_settings_files=off Lab3 -c adder_toplevel
Warning (18236): Number of processors has not been specified which may cause overloading on shared machines.  Set the global assignment NUM_PARALLEL_PROCESSORS in your QSF to an appropriate value for best performance.
Info (20030): Parallel compilation is enabled and will use 8 of the 8 processors detected
Info (12021): Found 1 design units, including 1 entities, in source file cla4.sv
    Info (12023): Found entity 1: cla4 File: D:/ECE 385/Lab 3/cla4.sv Line: 1
Info (12021): Found 1 design units, including 1 entities, in source file select_adder.sv
    Info (12023): Found entity 1: select_adder File: D:/ECE 385/Lab 3/select_adder.sv Line: 1
Info (12021): Found 1 design units, including 1 entities, in source file ripple_adder.sv
    Info (12023): Found entity 1: ripple_adder File: D:/ECE 385/Lab 3/ripple_adder.sv Line: 1
Info (12021): Found 1 design units, including 1 entities, in source file reg_17.sv
    Info (12023): Found entity 1: reg_17 File: D:/ECE 385/Lab 3/reg_17.sv Line: 1
Info (12021): Found 1 design units, including 1 entities, in source file mux2_1_17.sv
    Info (12023): Found entity 1: mux2_1_17 File: D:/ECE 385/Lab 3/mux2_1_17.sv Line: 1
Info (12021): Found 1 design units, including 1 entities, in source file lookahead_adder.sv
    Info (12023): Found entity 1: lookahead_adder File: D:/ECE 385/Lab 3/lookahead_adder.sv Line: 1
Info (12021): Found 1 design units, including 1 entities, in source file hexdriver.sv
    Info (12023): Found entity 1: HexDriver File: D:/ECE 385/Lab 3/HexDriver.sv Line: 1
Info (12021): Found 1 design units, including 1 entities, in source file control.sv
    Info (12023): Found entity 1: control File: D:/ECE 385/Lab 3/control.sv Line: 5
Info (12021): Found 1 design units, including 1 entities, in source file adder_toplevel.sv
    Info (12023): Found entity 1: adder_toplevel File: D:/ECE 385/Lab 3/adder_toplevel.sv Line: 8
Info (12021): Found 1 design units, including 1 entities, in source file full_adder.sv
    Info (12023): Found entity 1: full_adder File: D:/ECE 385/Lab 3/full_adder.sv Line: 1
Info (12021): Found 1 design units, including 1 entities, in source file ripple_adder_4.sv
    Info (12023): Found entity 1: ripple_adder_4 File: D:/ECE 385/Lab 3/ripple_adder_4.sv Line: 1
Info (12021): Found 1 design units, including 1 entities, in source file csa_module.sv
    Info (12023): Found entity 1: CSA_module File: D:/ECE 385/Lab 3/CSA_module.sv Line: 1
Info (12127): Elaborating entity "adder_toplevel" for the top level hierarchy
Info (12128): Elaborating entity "control" for hierarchy "control:run_once" File: D:/ECE 385/Lab 3/adder_toplevel.sv Line: 37
Info (12128): Elaborating entity "mux2_1_17" for hierarchy "mux2_1_17:m_mux" File: D:/ECE 385/Lab 3/adder_toplevel.sv Line: 40
Info (12128): Elaborating entity "reg_17" for hierarchy "reg_17:reg_unit" File: D:/ECE 385/Lab 3/adder_toplevel.sv Line: 43
Info (12128): Elaborating entity "lookahead_adder" for hierarchy "lookahead_adder:adderla" File: D:/ECE 385/Lab 3/adder_toplevel.sv Line: 49
Info (12128): Elaborating entity "cla4" for hierarchy "lookahead_adder:adderla|cla4:CLA_addr1" File: D:/ECE 385/Lab 3/lookahead_adder.sv Line: 10
Info (12128): Elaborating entity "full_adder" for hierarchy "lookahead_adder:adderla|cla4:CLA_addr1|full_adder:add0" File: D:/ECE 385/Lab 3/cla4.sv Line: 10
Info (12128): Elaborating entity "HexDriver" for hierarchy "HexDriver:AHex0" File: D:/ECE 385/Lab 3/adder_toplevel.sv Line: 57
Warning (12241): 4 hierarchies have connectivity warnings - see the Connectivity Checks report folder
Warning (13024): Output pins are stuck at VCC or GND
    Warning (13410): Pin "LED[2]" is stuck at GND File: D:/ECE 385/Lab 3/adder_toplevel.sv Line: 10
    Warning (13410): Pin "LED[3]" is stuck at GND File: D:/ECE 385/Lab 3/adder_toplevel.sv Line: 10
    Warning (13410): Pin "LED[4]" is stuck at GND File: D:/ECE 385/Lab 3/adder_toplevel.sv Line: 10
    Warning (13410): Pin "LED[5]" is stuck at GND File: D:/ECE 385/Lab 3/adder_toplevel.sv Line: 10
    Warning (13410): Pin "LED[6]" is stuck at GND File: D:/ECE 385/Lab 3/adder_toplevel.sv Line: 10
    Warning (13410): Pin "LED[7]" is stuck at GND File: D:/ECE 385/Lab 3/adder_toplevel.sv Line: 10
    Warning (13410): Pin "LED[8]" is stuck at GND File: D:/ECE 385/Lab 3/adder_toplevel.sv Line: 10
Info (286030): Timing-Driven Synthesis is running
Info (17049): 1 registers lost all their fanouts during netlist optimizations.
Warning (20013): Ignored 24 assignments for entity "Processor" -- entity does not exist in design
    Warning (20014): Assignment for entity set_instance_assignment -name PARTITION_HIERARCHY root_partition -to | -entity Processor -section_id Top was ignored
    Warning (20014): Assignment for entity set_global_assignment -name PARTITION_NETLIST_TYPE SOURCE -entity Processor -section_id Top was ignored
    Warning (20014): Assignment for entity set_global_assignment -name PARTITION_FITTER_PRESERVATION_LEVEL PLACEMENT_AND_ROUTING -entity Processor -section_id Top was ignored
    Warning (20014): Assignment for entity set_global_assignment -name PARTITION_PRESERVE_HIGH_SPEED_TILES ON -entity Processor -section_id Top was ignored
    Warning (20014): Assignment for entity set_global_assignment -name PARTITION_IGNORE_SOURCE_FILE_CHANGES OFF -entity Processor -section_id Top was ignored
    Warning (20014): Assignment for entity set_global_assignment -name PARTITION_ALWAYS_USE_QXP_NETLIST OFF -entity Processor -section_id Top was ignored
    Warning (20014): Assignment for entity set_global_assignment -name PARTITION_COLOR 16764057 -entity Processor -section_id Top was ignored
    Warning (20014): Assignment for entity set_global_assignment -name PARTITION_IMPORT_ASSIGNMENTS ON -entity Processor -section_id Top was ignored
    Warning (20014): Assignment for entity set_global_assignment -name PARTITION_IMPORT_EXISTING_ASSIGNMENTS REPLACE_CONFLICTING -entity Processor -section_id Top was ignored
    Warning (20014): Assignment for entity set_global_assignment -name PARTITION_IMPORT_EXISTING_LOGICLOCK_REGIONS UPDATE_CONFLICTING -entity Processor -section_id Top was ignored
    Warning (20014): Assignment for entity set_global_assignment -name PARTITION_IMPORT_PIN_ASSIGNMENTS ON -entity Processor -section_id Top was ignored
    Warning (20014): Assignment for entity set_global_assignment -name PARTITION_IMPORT_PROMOTE_ASSIGNMENTS ON -entity Processor -section_id Top was ignored
    Warning (20014): Assignment for entity set_global_assignment -name PARTITION_TYPE STANDARD_PARTITION -entity Processor -section_id Top was ignored
    Warning (20014): Assignment for entity set_global_assignment -name ALLOW_MULTIPLE_PERSONAS OFF -entity Processor -section_id Top was ignored
    Warning (20014): Assignment for entity set_global_assignment -name PARTITION_ASD_REGION_ID 1 -entity Processor -section_id Top was ignored
    Warning (20014): Assignment for entity set_global_assignment -name CROSS_BOUNDARY_OPTIMIZATIONS OFF -entity Processor -section_id Top was ignored
    Warning (20014): Assignment for entity set_global_assignment -name PROPAGATE_CONSTANTS_ON_INPUTS ON -entity Processor -section_id Top was ignored
    Warning (20014): Assignment for entity set_global_assignment -name PROPAGATE_INVERSIONS_ON_INPUTS ON -entity Processor -section_id Top was ignored
    Warning (20014): Assignment for entity set_global_assignment -name REMOVE_LOGIC_ON_UNCONNECTED_OUTPUTS ON -entity Processor -section_id Top was ignored
    Warning (20014): Assignment for entity set_global_assignment -name MERGE_EQUIVALENT_INPUTS ON -entity Processor -section_id Top was ignored
    Warning (20014): Assignment for entity set_global_assignment -name MERGE_EQUIVALENT_BIDIRS ON -entity Processor -section_id Top was ignored
    Warning (20014): Assignment for entity set_global_assignment -name ABSORB_PATHS_FROM_OUTPUTS_TO_INPUTS ON -entity Processor -section_id Top was ignored
    Warning (20014): Assignment for entity set_global_assignment -name PARTITION_EXTRACT_HARD_BLOCK_NODES ON -entity Processor -section_id Top was ignored
    Warning (20014): Assignment for entity set_global_assignment -name PARTITION_ENABLE_STRICT_PRESERVATION OFF -entity Processor -section_id Top was ignored
Info (144001): Generated suppressed messages file D:/ECE 385/Lab 3/output_files/adder_toplevel.map.smsg
Info (16010): Generating hard_block partition "hard_block:auto_generated_inst"
    Info (16011): Adding 0 node(s), including 0 DDIO, 0 PLL, 0 transceiver and 0 LCELL
Info (21057): Implemented 152 device resources after synthesis - the final resource count might be different
    Info (21058): Implemented 13 input pins
    Info (21059): Implemented 52 output pins
    Info (21061): Implemented 87 logic cells
Info: Quartus Prime Analysis & Synthesis was successful. 0 errors, 35 warnings
    Info: Peak virtual memory: 4805 megabytes
    Info: Processing ended: Thu Feb 16 17:45:24 2023
    Info: Elapsed time: 00:00:07
    Info: Total CPU time (on all processors): 00:00:16


+------------------------------------------+
; Analysis & Synthesis Suppressed Messages ;
+------------------------------------------+
The suppressed messages can be found in D:/ECE 385/Lab 3/output_files/adder_toplevel.map.smsg.


