Early Power Estimator File Generator report for adder_toplevel
Thu Feb 16 15:22:50 2023
Quartus Prime Version 18.1.0 Build 625 09/12/2018 SJ Lite Edition


---------------------
; Table of Contents ;
---------------------
  1. Legal Notice
  2. Early Power Estimator File Generator Summary
  3. Early Power Estimator File Generator Settings
  4. Indeterminate Toggle Rates
  5. Early Power Estimator File Generator Generated Files
  6. Confidence Metric Details
  7. Signal Activities
  8. Early Power Estimator File Generator Messages



----------------
; Legal Notice ;
----------------
Copyright (C) 2018  Intel Corporation. All rights reserved.
Your use of Intel Corporation's design tools, logic functions 
and other software and tools, and its AMPP partner logic 
functions, and any output files from any of the foregoing 
(including device programming or simulation files), and any 
associated documentation or information are expressly subject 
to the terms and conditions of the Intel Program License 
Subscription Agreement, the Intel Quartus Prime License Agreement,
the Intel FPGA IP License Agreement, or other applicable license
agreement, including, without limitation, that your use is for
the sole purpose of programming logic devices manufactured by
Intel and sold by Intel or its authorized distributors.  Please
refer to the applicable agreement for further details.



+------------------------------------------------------------------------------------------------+
; Early Power Estimator File Generator Summary                                                   ;
+---------------------------------------------+--------------------------------------------------+
; Early Power Estimator File Generator Status ; Successful - Thu Feb 16 15:22:50 2023            ;
; Quartus Prime Version                       ; 18.1.0 Build 625 09/12/2018 SJ Lite Edition      ;
; Revision Name                               ; adder_toplevel                                   ;
; Top-level Entity Name                       ; adder_toplevel                                   ;
; Family                                      ; MAX 10                                           ;
; Device                                      ; 10M50DAF484C7G                                   ;
; Power Estimation Confidence                 ; Low: user provided insufficient toggle rate data ;
+---------------------------------------------+--------------------------------------------------+


+--------------------------------------------------------------------------------------------------------------------------+
; Early Power Estimator File Generator Settings                                                                            ;
+------------------------------------------------------------------+---------------------------------------+---------------+
; Option                                                           ; Setting                               ; Default Value ;
+------------------------------------------------------------------+---------------------------------------+---------------+
; Use smart compilation                                            ; Off                                   ; Off           ;
; Enable parallel Assembler and Timing Analyzer during compilation ; On                                    ; On            ;
; Enable compact report table                                      ; Off                                   ; Off           ;
; Preset Cooling Solution                                          ; 23 MM HEAT SINK WITH 200 LFPM AIRFLOW ;               ;
; Board thermal model                                              ; None (CONSERVATIVE)                   ;               ;
; Default Power Toggle Rate                                        ; 12.5%                                 ; 12.5%         ;
; Default Power Input I/O Toggle Rate                              ; 12.5%                                 ; 12.5%         ;
; Use vectorless estimation                                        ; On                                    ; On            ;
; Use Input Files                                                  ; Off                                   ; Off           ;
; Filter Glitches in VCD File Reader                               ; On                                    ; On            ;
; Power Analyzer Report Signal Activity                            ; Off                                   ; Off           ;
; Power Analyzer Report Power Dissipation                          ; Off                                   ; Off           ;
; Device Power Characteristics                                     ; TYPICAL                               ; TYPICAL       ;
; Automatically Compute Junction Temperature                       ; On                                    ; On            ;
; Specified Junction Temperature                                   ; 25                                    ; 25            ;
; Ambient Temperature                                              ; 25                                    ; 25            ;
; Use Custom Cooling Solution                                      ; Off                                   ; Off           ;
; Board Temperature                                                ; 25                                    ; 25            ;
+------------------------------------------------------------------+---------------------------------------+---------------+


+------------------------------------------------+
; Indeterminate Toggle Rates                     ;
+------------------+-----------------------------+
; Node             ; Reason                      ;
+------------------+-----------------------------+
; SW[8]            ; No valid clock domain found ;
; SW[9]            ; No valid clock domain found ;
; SW[0]            ; No valid clock domain found ;
; SW[1]            ; No valid clock domain found ;
; SW[2]            ; No valid clock domain found ;
; SW[3]            ; No valid clock domain found ;
; SW[4]            ; No valid clock domain found ;
; SW[5]            ; No valid clock domain found ;
; SW[6]            ; No valid clock domain found ;
; SW[7]            ; No valid clock domain found ;
; Clk              ; No valid clock domain found ;
; Reset_Clear      ; No valid clock domain found ;
; Run_Accumulate   ; No valid clock domain found ;
; Clk~inputclkctrl ; No valid clock domain found ;
+------------------+-----------------------------+


+-----------------------------------------------------------------------------------------------+
; Early Power Estimator File Generator Generated Files                                          ;
+----------------------------------------------------------------+------------------------------+
; Description                                                    ; Filename                     ;
+----------------------------------------------------------------+------------------------------+
; Design summary for PowerPlay Early Power Estimator spreadsheet ; adder_toplevel_early_pwr.csv ;
+----------------------------------------------------------------+------------------------------+


+-------------------------------------------------------------------------------------------------------------------------------------------------+
; Confidence Metric Details                                                                                                                       ;
+----------------------------------------------------------------------------------------+-------------+------------+-------------+---------------+
; Data Source                                                                            ; Total       ; Pin        ; Registered  ; Combinational ;
+----------------------------------------------------------------------------------------+-------------+------------+-------------+---------------+
; Simulation (from file)                                                                 ;             ;            ;             ;               ;
;     -- Number of signals with Toggle Rate from Simulation                              ; 0 (0.0%)    ; 0 (0.0%)   ; 0 (0.0%)    ; 0 (0.0%)      ;
;     -- Number of signals with Static Probability from Simulation                       ; 0 (0.0%)    ; 0 (0.0%)   ; 0 (0.0%)    ; 0 (0.0%)      ;
;                                                                                        ;             ;            ;             ;               ;
; Node, entity or clock assignment                                                       ;             ;            ;             ;               ;
;     -- Number of signals with Toggle Rate from Node, entity or clock assignment        ; 0 (0.0%)    ; 0 (0.0%)   ; 0 (0.0%)    ; 0 (0.0%)      ;
;     -- Number of signals with Static Probability from Node, entity or clock assignment ; 1 (0.4%)    ; 0 (0.0%)   ; 0 (0.0%)    ; 1 (0.7%)      ;
;                                                                                        ;             ;            ;             ;               ;
; Vectorless estimation                                                                  ;             ;            ;             ;               ;
;     -- Number of signals with Toggle Rate from Vectorless estimation                   ; 220 (92.1%) ; 54 (74.0%) ; 20 (100.0%) ; 146 (100.0%)  ;
;     -- Number of signals with Zero toggle rate, from Vectorless estimation             ; 76 (31.8%)  ; 24 (32.9%) ; 0 (0.0%)    ; 52 (35.6%)    ;
;     -- Number of signals with Static Probability from Vectorless estimation            ; 219 (91.6%) ; 54 (74.0%) ; 20 (100.0%) ; 145 (99.3%)   ;
;                                                                                        ;             ;            ;             ;               ;
; Default assignment                                                                     ;             ;            ;             ;               ;
;     -- Number of signals with Toggle Rate from Default assignment                      ; 0 (0.0%)    ; 0 (0.0%)   ; 0 (0.0%)    ; 0 (0.0%)      ;
;     -- Number of signals with Static Probability from Default assignment               ; 19 (7.9%)   ; 19 (26.0%) ; 0 (0.0%)    ; 0 (0.0%)      ;
;                                                                                        ;             ;            ;             ;               ;
; Assumed 0                                                                              ;             ;            ;             ;               ;
;     -- Number of signals with Toggle Rate assumed 0                                    ; 19 (7.9%)   ; 19 (26.0%) ; 0 (0.0%)    ; 0 (0.0%)      ;
+----------------------------------------------------------------------------------------+-------------+------------+-------------+---------------+


+---------------------------------------------------------------------------------------------------------------------------------------------+
; Signal Activities                                                                                                                           ;
+--------+------+---------------------------------------------+-------------------------+--------------------+--------------------------------+
; Signal ; Type ; Toggle Rate (millions of transitions / sec) ; Toggle Rate Data Source ; Static Probability ; Static Probability Data Source ;
+--------+------+---------------------------------------------+-------------------------+--------------------+--------------------------------+
(1) The "Signal Activity" Table has been hidden. To show this table, please select the "Write signal activities to report file" option under "PowerPlay Power Analyzer Settings".


+-----------------------------------------------+
; Early Power Estimator File Generator Messages ;
+-----------------------------------------------+
Info: *******************************************************************
Info: Running Quartus Prime Early Power Estimator File Generator
    Info: Version 18.1.0 Build 625 09/12/2018 SJ Lite Edition
    Info: Processing started: Thu Feb 16 15:22:48 2023
Info: Command: quartus_pow --read_settings_files=on --write_settings_files=off Lab3 -c adder_toplevel --estimate_power=off --output_epe=adder_toplevel_early_pwr.csv
Warning (20013): Ignored 24 assignments for entity "Processor" -- entity does not exist in design
    Warning (20014): Assignment for entity set_instance_assignment -name PARTITION_HIERARCHY root_partition -to | -entity Processor -section_id Top was ignored
    Warning (20014): Assignment for entity set_global_assignment -name PARTITION_NETLIST_TYPE SOURCE -entity Processor -section_id Top was ignored
    Warning (20014): Assignment for entity set_global_assignment -name PARTITION_FITTER_PRESERVATION_LEVEL PLACEMENT_AND_ROUTING -entity Processor -section_id Top was ignored
    Warning (20014): Assignment for entity set_global_assignment -name PARTITION_PRESERVE_HIGH_SPEED_TILES ON -entity Processor -section_id Top was ignored
    Warning (20014): Assignment for entity set_global_assignment -name PARTITION_IGNORE_SOURCE_FILE_CHANGES OFF -entity Processor -section_id Top was ignored
    Warning (20014): Assignment for entity set_global_assignment -name PARTITION_ALWAYS_USE_QXP_NETLIST OFF -entity Processor -section_id Top was ignored
    Warning (20014): Assignment for entity set_global_assignment -name PARTITION_COLOR 16764057 -entity Processor -section_id Top was ignored
    Warning (20014): Assignment for entity set_global_assignment -name PARTITION_IMPORT_ASSIGNMENTS ON -entity Processor -section_id Top was ignored
    Warning (20014): Assignment for entity set_global_assignment -name PARTITION_IMPORT_EXISTING_ASSIGNMENTS REPLACE_CONFLICTING -entity Processor -section_id Top was ignored
    Warning (20014): Assignment for entity set_global_assignment -name PARTITION_IMPORT_EXISTING_LOGICLOCK_REGIONS UPDATE_CONFLICTING -entity Processor -section_id Top was ignored
    Warning (20014): Assignment for entity set_global_assignment -name PARTITION_IMPORT_PIN_ASSIGNMENTS ON -entity Processor -section_id Top was ignored
    Warning (20014): Assignment for entity set_global_assignment -name PARTITION_IMPORT_PROMOTE_ASSIGNMENTS ON -entity Processor -section_id Top was ignored
    Warning (20014): Assignment for entity set_global_assignment -name PARTITION_TYPE STANDARD_PARTITION -entity Processor -section_id Top was ignored
    Warning (20014): Assignment for entity set_global_assignment -name ALLOW_MULTIPLE_PERSONAS OFF -entity Processor -section_id Top was ignored
    Warning (20014): Assignment for entity set_global_assignment -name PARTITION_ASD_REGION_ID 1 -entity Processor -section_id Top was ignored
    Warning (20014): Assignment for entity set_global_assignment -name CROSS_BOUNDARY_OPTIMIZATIONS OFF -entity Processor -section_id Top was ignored
    Warning (20014): Assignment for entity set_global_assignment -name PROPAGATE_CONSTANTS_ON_INPUTS ON -entity Processor -section_id Top was ignored
    Warning (20014): Assignment for entity set_global_assignment -name PROPAGATE_INVERSIONS_ON_INPUTS ON -entity Processor -section_id Top was ignored
    Warning (20014): Assignment for entity set_global_assignment -name REMOVE_LOGIC_ON_UNCONNECTED_OUTPUTS ON -entity Processor -section_id Top was ignored
    Warning (20014): Assignment for entity set_global_assignment -name MERGE_EQUIVALENT_INPUTS ON -entity Processor -section_id Top was ignored
    Warning (20014): Assignment for entity set_global_assignment -name MERGE_EQUIVALENT_BIDIRS ON -entity Processor -section_id Top was ignored
    Warning (20014): Assignment for entity set_global_assignment -name ABSORB_PATHS_FROM_OUTPUTS_TO_INPUTS ON -entity Processor -section_id Top was ignored
    Warning (20014): Assignment for entity set_global_assignment -name PARTITION_EXTRACT_HARD_BLOCK_NODES ON -entity Processor -section_id Top was ignored
    Warning (20014): Assignment for entity set_global_assignment -name PARTITION_ENABLE_STRICT_PRESERVATION OFF -entity Processor -section_id Top was ignored
Warning (18236): Number of processors has not been specified which may cause overloading on shared machines.  Set the global assignment NUM_PARALLEL_PROCESSORS in your QSF to an appropriate value for best performance.
Info (21077): Low junction temperature is 0 degrees C
Info (21077): High junction temperature is 85 degrees C
Critical Warning (332012): Synopsys Design Constraints File file not found: 'adder_toplevel.sdc'. A Synopsys Design Constraints File is required by the Timing Analyzer to get proper timing constraints. Without it, the Compiler will not properly optimize the design.
Warning (332060): Node: Clk was determined to be a clock but was found without an associated clock assignment.
    Info (13166): Register reg_17:reg_unit|Data_Out[16] is being clocked by Clk
Warning (332068): No clocks defined in design.
Info (223000): Starting Vectorless Power Activity Estimation
Warning (222013): Relative toggle rates could not be calculated because no clock domain could be identified for some nodes
Info (223001): Completed Vectorless Power Activity Estimation
Info (218000): Using Advanced I/O Power to simulate I/O buffers with the specified board trace model
Info (214002): Created Early Power Estimation file "adder_toplevel_early_pwr.csv"
Info (215029): No power estimate will be produced.
Info (215049): Average toggle rate for this design is 0.000 millions of transitions / sec
Info: Quartus Prime Early Power Estimator File Generator was successful. 0 errors, 30 warnings
    Info: Peak virtual memory: 4849 megabytes
    Info: Processing ended: Thu Feb 16 15:22:50 2023
    Info: Elapsed time: 00:00:02
    Info: Total CPU time (on all processors): 00:00:01


